Added Pin To Net: NetName=TRIG Pin=CN1-6
Added Pin To Net: NetName=ECHO Pin=CN1-7
Added Pin To Net: NetName=NeoPixel Pin=CN1-4
Added Pin To Net: NetName=NeoPixel Pin=U3-3
Added Net: Name=NeoPixel
PCB-ECO: Change Pad Pin/Pkg Length: Old=114.961mil New=0mil
PCB-ECO: Change Pad Pin/Pkg Length: Old=114.961mil New=0mil
PCB-ECO: Change Pad Pin/Pkg Length: Old=114.961mil New=0mil
PCB-ECO: Change Pad Pin/Pkg Length: Old=114.961mil New=0mil
PCB-ECO: Change Pad Pin/Pkg Length: Old=114.961mil New=0mil
PCB-ECO: Change Pad Pin/Pkg Length: Old=114.961mil New=0mil
PCB-ECO: Change Pad Pin/Pkg Length: Old=114.961mil New=0mil
PCB-ECO: Change Pad Pin/Pkg Length: Old=114.961mil New=0mil
PCB-ECO: Change Pad Pin/Pkg Length: Old=114.961mil New=0mil
PCB-ECO: Change Pad Pin/Pkg Length: Old=114.961mil New=0mil
PCB-ECO: Change Pad Pin/Pkg Length: Old=114.961mil New=0mil
PCB-ECO: Change Pad Pin/Pkg Length: Old=114.961mil New=0mil
PCB-ECO: Change Pad Pin/Pkg Length: Old=114.961mil New=0mil
PCB-ECO: Change Pad Pin/Pkg Length: Old=114.961mil New=0mil
PCB-ECO: Change Pad Pin/Pkg Length: Old=114.961mil New=0mil
PCB-ECO: Change Pad Pin/Pkg Length: Old=114.961mil New=0mil
PCB-ECO: Change Pad Pin/Pkg Length: Old=114.961mil New=0mil
PCB-ECO: Change Pad Pin/Pkg Length: Old=114.961mil New=0mil
PCB-ECO: Change Pad Pin/Pkg Length: Old=114.961mil New=0mil
PCB-ECO: Change Pad Pin/Pkg Length: Old=114.961mil New=0mil
PCB-ECO: Change Pad Pin/Pkg Length: Old=114.961mil New=0mil
PCB-ECO: Change Pad Pin/Pkg Length: Old=114.961mil New=0mil
PCB-ECO: Change Pad Pin/Pkg Length: Old=114.961mil New=0mil
PCB-ECO: Change Pad Pin/Pkg Length: Old=114.961mil New=0mil
PCB-ECO: Change Pad Pin/Pkg Length: Old=114.961mil New=0mil
PCB-ECO: Change Pad Pin/Pkg Length: Old=114.961mil New=0mil
PCB-ECO: Change Pad Pin/Pkg Length: Old=114.961mil New=0mil
PCB-ECO: Change Pad Pin/Pkg Length: Old=114.961mil New=0mil
PCB-ECO: Change Pad Pin/Pkg Length: Old=114.961mil New=0mil
PCB-ECO: Change Pad Pin/Pkg Length: Old=114.961mil New=0mil
PCB-ECO: Change Pad Pin/Pkg Length: Old=114.961mil New=0mil
PCB-ECO: Change Pad Pin/Pkg Length: Old=114.961mil New=0mil
PCB-ECO: Change Pad Pin/Pkg Length: Old=114.961mil New=0mil
PCB-ECO: Change Pad Pin/Pkg Length: Old=114.961mil New=0mil
PCB-ECO: Change Pad Pin/Pkg Length: Old=114.961mil New=0mil
PCB-ECO: Change Pad Pin/Pkg Length: Old=114.961mil New=0mil
PCB-ECO: Change Pad Pin/Pkg Length: Old=114.961mil New=0mil
PCB-ECO: Change Pad Pin/Pkg Length: Old=114.961mil New=0mil
PCB-ECO: Change Pad Pin/Pkg Length: Old=114.961mil New=0mil
PCB-ECO: Change Pad Pin/Pkg Length: Old=114.961mil New=0mil
