Added Component: Designator=TP5(Pogo-Testpoint)
Add component. Clean all parameters for all variants
Add component (AddParameter): Name = "Barrier Type"; Value = ""; VariantName = "[No Variations]"
Add component (AddParameter): Name = "Body Finish"; Value = ""; VariantName = "[No Variations]"
Add component (AddParameter): Name = "Body Material"; Value = ""; VariantName = "[No Variations]"
Add component (AddParameter): Name = "Body Plating"; Value = ""; VariantName = "[No Variations]"
Add component (AddParameter): Name = "Bottom Termination"; Value = ""; VariantName = "[No Variations]"
Add component (AddParameter): Name = "Brand"; Value = ""; VariantName = "[No Variations]"
Add component (AddParameter): Name = "Cable End Type"; Value = ""; VariantName = "[No Variations]"
Add component (AddParameter): Name = "Cable Group"; Value = ""; VariantName = "[No Variations]"
Add component (AddParameter): Name = "Card Thickness"; Value = ""; VariantName = "[No Variations]"
Add component (AddParameter): Name = "Card Type"; Value = ""; VariantName = "[No Variations]"
Add component (AddParameter): Name = "Center Contact Material"; Value = ""; VariantName = "[No Variations]"
Add component (AddParameter): Name = "Center Contact Plating"; Value = ""; VariantName = "[No Variations]"
Add component (AddParameter): Name = "Clamp Material - Plating"; Value = ""; VariantName = "[No Variations]"
Add component (AddParameter): Name = "ClassName"; Value = ""; VariantName = "[No Variations]"
Add component (AddParameter): Name = "Coding"; Value = ""; VariantName = "[No Variations]"
Add component (AddParameter): Name = "Color"; Value = ""; VariantName = "[No Variations]"
Add component (AddParameter): Name = "Component Name"; Value = "TestPoint"; VariantName = "[No Variations]"
Add component (AddParameter): Name = "Connector/Contact Type"; Value = ""; VariantName = "[No Variations]"
Add component (AddParameter): Name = "Connector Mounting"; Value = ""; VariantName = "[No Variations]"
Add component (AddParameter): Name = "Connector Style"; Value = ""; VariantName = "[No Variations]"
Add component (AddParameter): Name = "Connector Type"; Value = ""; VariantName = "[No Variations]"
Add component (AddParameter): Name = "Contact Finish"; Value = ""; VariantName = "[No Variations]"
Add component (AddParameter): Name = "Contact Finish - Mating"; Value = ""; VariantName = "[No Variations]"
Add component (AddParameter): Name = "Contact Finish - Post"; Value = ""; VariantName = "[No Variations]"
Add component (AddParameter): Name = "Contact Finish Thickness"; Value = ""; VariantName = "[No Variations]"
Add component (AddParameter): Name = "Contact Finish Thickness - Mating"; Value = ""; VariantName = "[No Variations]"
Add component (AddParameter): Name = "Contact Finish Thickness - Post"; Value = ""; VariantName = "[No Variations]"
Add component (AddParameter): Name = "Contact Gender"; Value = ""; VariantName = "[No Variations]"
Add component (AddParameter): Name = "Contact Length - Mating"; Value = ""; VariantName = "[No Variations]"
Add component (AddParameter): Name = "Contact Length - Post"; Value = ""; VariantName = "[No Variations]"
Add component (AddParameter): Name = "Contact Location"; Value = ""; VariantName = "[No Variations]"
Add component (AddParameter): Name = "Contact Material"; Value = ""; VariantName = "[No Variations]"
Add component (AddParameter): Name = "Contact Material - Plating"; Value = ""; VariantName = "[No Variations]"
Add component (AddParameter): Name = "Contact Mating Finish"; Value = ""; VariantName = "[No Variations]"
Add component (AddParameter): Name = "Contact Mating Length"; Value = ""; VariantName = "[No Variations]"
Add component (AddParameter): Name = "Contact Plating"; Value = ""; VariantName = "[No Variations]"
Add component (AddParameter): Name = "Contact Resistance"; Value = ""; VariantName = "[No Variations]"
Add component (AddParameter): Name = "Contact Shape"; Value = ""; VariantName = "[No Variations]"
Add component (AddParameter): Name = "Contact Termination"; Value = ""; VariantName = "[No Variations]"
Add component (AddParameter): Name = "Contact Type"; Value = ""; VariantName = "[No Variations]"
Add component (AddParameter): Name = "Coupling Mechanism"; Value = ""; VariantName = "[No Variations]"
Add component (AddParameter): Name = "Creator"; Value = ""; VariantName = "[No Variations]"
Add component (AddParameter): Name = "Current"; Value = ""; VariantName = "[No Variations]"
Add component (AddParameter): Name = "Current - IEC"; Value = ""; VariantName = "[No Variations]"
Add component (AddParameter): Name = "Current - UL"; Value = ""; VariantName = "[No Variations]"
Add component (AddParameter): Name = "Current Rating"; Value = ""; VariantName = "[No Variations]"
Add component (AddParameter): Name = "Depth"; Value = ""; VariantName = "[No Variations]"
Add component (AddParameter): Name = "Dielectric Material"; Value = ""; VariantName = "[No Variations]"
Add component (AddParameter): Name = "Direction"; Value = ""; VariantName = "[No Variations]"
Add component (AddParameter): Name = "Family"; Value = ""; VariantName = "[No Variations]"
Add component (AddParameter): Name = "Fastening Type"; Value = ""; VariantName = "[No Variations]"
Add component (AddParameter): Name = "Features"; Value = ""; VariantName = "[No Variations]"
Add component (AddParameter): Name = "Flammability Rating"; Value = ""; VariantName = "[No Variations]"
Add component (AddParameter): Name = "Flange Feature"; Value = ""; VariantName = "[No Variations]"
Add component (AddParameter): Name = "Frequency - Max"; Value = ""; VariantName = "[No Variations]"
Add component (AddParameter): Name = "Gender"; Value = ""; VariantName = "[No Variations]"
Add component (AddParameter): Name = "Header Orientation"; Value = ""; VariantName = "[No Variations]"
Add component (AddParameter): Name = "Head Type"; Value = ""; VariantName = "[No Variations]"
Add component (AddParameter): Name = "Height"; Value = ""; VariantName = "[No Variations]"
Add component (AddParameter): Name = "Height Above Board"; Value = ""; VariantName = "[No Variations]"
Add component (AddParameter): Name = "Housing Color"; Value = ""; VariantName = "[No Variations]"
Add component (AddParameter): Name = "Housing Gender"; Value = ""; VariantName = "[No Variations]"
Add component (AddParameter): Name = "Housing Material"; Value = ""; VariantName = "[No Variations]"
Add component (AddParameter): Name = "Impedance"; Value = ""; VariantName = "[No Variations]"
Add component (AddParameter): Name = "Ingress Protection"; Value = ""; VariantName = "[No Variations]"
Add component (AddParameter): Name = "Insert / Contact Gender"; Value = ""; VariantName = "[No Variations]"
Add component (AddParameter): Name = "Insertion, Removal Method"; Value = ""; VariantName = "[No Variations]"
Add component (AddParameter): Name = "Insertion Loss"; Value = ""; VariantName = "[No Variations]"
Add component (AddParameter): Name = "Insulation Color"; Value = ""; VariantName = "[No Variations]"
Add component (AddParameter): Name = "Insulation Height"; Value = ""; VariantName = "[No Variations]"
Add component (AddParameter): Name = "Insulation Material"; Value = ""; VariantName = "[No Variations]"
Add component (AddParameter): Name = "Insulation Resistance"; Value = ""; VariantName = "[No Variations]"
Add component (AddParameter): Name = "Internal Switch(s)"; Value = ""; VariantName = "[No Variations]"
Add component (AddParameter): Name = "Lead Pitch"; Value = ""; VariantName = "[No Variations]"
Add component (AddParameter): Name = "Length"; Value = ""; VariantName = "[No Variations]"
Add component (AddParameter): Name = "Locking Feature"; Value = ""; VariantName = "[No Variations]"
Add component (AddParameter): Name = "Mated Stacking Heights"; Value = ""; VariantName = "[No Variations]"
Add component (AddParameter): Name = "Material"; Value = ""; VariantName = "[No Variations]"
Add component (AddParameter): Name = "Material - Insulation"; Value = ""; VariantName = "[No Variations]"
Add component (AddParameter): Name = "Material Flammability Rating"; Value = ""; VariantName = "[No Variations]"
Add component (AddParameter): Name = "MatesWith"; Value = ""; VariantName = "[No Variations]"
Add component (AddParameter): Name = "Mating Cycles"; Value = ""; VariantName = "[No Variations]"
Add component (AddParameter): Name = "Mating Orientation"; Value = ""; VariantName = "[No Variations]"
Add component (AddParameter): Name = "Mating Post Length"; Value = ""; VariantName = "[No Variations]"
Add component (AddParameter): Name = "Max Current Rating"; Value = ""; VariantName = "[No Variations]"
Add component (AddParameter): Name = "Maximum Frequency"; Value = ""; VariantName = "[No Variations]"
Add component (AddParameter): Name = "Max Operating Temperature"; Value = ""; VariantName = "[No Variations]"
Add component (AddParameter): Name = "Max Voltage Rating (AC)"; Value = ""; VariantName = "[No Variations]"
Add component (AddParameter): Name = "Max Voltage Rating (DC)"; Value = ""; VariantName = "[No Variations]"
Add component (AddParameter): Name = "Min Operating Temperature"; Value = ""; VariantName = "[No Variations]"
Add component (AddParameter): Name = "Mount"; Value = ""; VariantName = "[No Variations]"
Add component (AddParameter): Name = "Mounting Angle"; Value = ""; VariantName = "[No Variations]"
Add component (AddParameter): Name = "Mounting Feature"; Value = ""; VariantName = "[No Variations]"
Add component (AddParameter): Name = "Mounting Style"; Value = ""; VariantName = "[No Variations]"
Add component (AddParameter): Name = "Mounting Type"; Value = ""; VariantName = "[No Variations]"
Add component (AddParameter): Name = "No. of Positions"; Value = ""; VariantName = "[No Variations]"
Add component (AddParameter): Name = "No of Positions"; Value = ""; VariantName = "[No Variations]"
Add component (AddParameter): Name = "Note"; Value = ""; VariantName = "[No Variations]"
Add component (AddParameter): Name = "Number of Circuits"; Value = ""; VariantName = "[No Variations]"
Add component (AddParameter): Name = "Number of Contacts"; Value = ""; VariantName = "[No Variations]"
Add component (AddParameter): Name = "Number of Cores per Jack"; Value = ""; VariantName = "[No Variations]"
Add component (AddParameter): Name = "Number of Levels"; Value = ""; VariantName = "[No Variations]"
Add component (AddParameter): Name = "Number of Pins"; Value = ""; VariantName = "[No Variations]"
Add component (AddParameter): Name = "Number of Poles"; Value = ""; VariantName = "[No Variations]"
Add component (AddParameter): Name = "Number of Ports"; Value = ""; VariantName = "[No Variations]"
Add component (AddParameter): Name = "Number of Positions"; Value = ""; VariantName = "[No Variations]"
Add component (AddParameter): Name = "Number of Positions/Bay/Row"; Value = ""; VariantName = "[No Variations]"
Add component (AddParameter): Name = "Number of Positions/Contacts"; Value = ""; VariantName = "[No Variations]"
Add component (AddParameter): Name = "Number of Positions Loaded"; Value = ""; VariantName = "[No Variations]"
Add component (AddParameter): Name = "Number of Positions or Pins (Grid)"; Value = ""; VariantName = "[No Variations]"
Add component (AddParameter): Name = "Number of Rows"; Value = ""; VariantName = "[No Variations]"
Add component (AddParameter): Name = "Number of Terminals"; Value = ""; VariantName = "[No Variations]"
Add component (AddParameter): Name = "Number of Wire Entries"; Value = ""; VariantName = "[No Variations]"
Add component (AddParameter): Name = "NumOfPackaging"; Value = ""; VariantName = "[No Variations]"
Add component (AddParameter): Name = "Operating Temperature"; Value = ""; VariantName = "[No Variations]"
Add component (AddParameter): Name = "Operating Temperature Range"; Value = ""; VariantName = "[No Variations]"
Add component (AddParameter): Name = "Orientation"; Value = ""; VariantName = "[No Variations]"
Add component (AddParameter): Name = "Other Names"; Value = ""; VariantName = "[No Variations]"
Add component (AddParameter): Name = "Overall Contact Length"; Value = ""; VariantName = "[No Variations]"
Add component (AddParameter): Name = "Package Quantity"; Value = ""; VariantName = "[No Variations]"
Add component (AddParameter): Name = "Packaging"; Value = ""; VariantName = "[No Variations]"
Add component (AddParameter): Name = "Panel Thickness"; Value = ""; VariantName = "[No Variations]"
Add component (AddParameter): Name = "Part Number"; Value = ""; VariantName = "[No Variations]"
Add component (AddParameter): Name = "Part Status"; Value = ""; VariantName = "[No Variations]"
Add component (AddParameter): Name = "PerformanceCategory"; Value = ""; VariantName = "[No Variations]"
Add component (AddParameter): Name = "Pin Count"; Value = "1"; VariantName = "[No Variations]"
Add component (AddParameter): Name = "Pitch"; Value = ""; VariantName = "[No Variations]"
Add component (AddParameter): Name = "Pitch - Mating"; Value = ""; VariantName = "[No Variations]"
Add component (AddParameter): Name = "Plating"; Value = ""; VariantName = "[No Variations]"
Add component (AddParameter): Name = "Plating - Thickness"; Value = ""; VariantName = "[No Variations]"
Add component (AddParameter): Name = "Plug/Mating Plug Diameter"; Value = ""; VariantName = "[No Variations]"
Add component (AddParameter): Name = "Plug Wire Entry"; Value = ""; VariantName = "[No Variations]"
Add component (AddParameter): Name = "PN"; Value = ""; VariantName = "[No Variations]"
Add component (AddParameter): Name = "Pogo Pin"; Value = ""; VariantName = "[No Variations]"
Add component (AddParameter): Name = "Pogo Pin Type"; Value = ""; VariantName = "[No Variations]"
Add component (AddParameter): Name = "Positions"; Value = ""; VariantName = "[No Variations]"
Add component (AddParameter): Name = "Positions Per Level"; Value = ""; VariantName = "[No Variations]"
Add component (AddParameter): Name = "Pricing 1"; Value = ""; VariantName = "[No Variations]"
Add component (AddParameter): Name = "Pricing 2"; Value = ""; VariantName = "[No Variations]"
Add component (AddParameter): Name = "Product"; Value = ""; VariantName = "[No Variations]"
Add component (AddParameter): Name = "Product Category"; Value = ""; VariantName = "[No Variations]"
Add component (AddParameter): Name = "Product Range"; Value = ""; VariantName = "[No Variations]"
Add component (AddParameter): Name = "Product Type"; Value = ""; VariantName = "[No Variations]"
Add component (AddParameter): Name = "Published"; Value = ""; VariantName = "[No Variations]"
Add component (AddParameter): Name = "Publisher"; Value = ""; VariantName = "[No Variations]"
Add component (AddParameter): Name = "Radiation Hardening"; Value = ""; VariantName = "[No Variations]"
Add component (AddParameter): Name = "Ratings"; Value = ""; VariantName = "[No Variations]"
Add component (AddParameter): Name = "REACH SVHC"; Value = ""; VariantName = "[No Variations]"
Add component (AddParameter): Name = "Read Out"; Value = ""; VariantName = "[No Variations]"
Add component (AddParameter): Name = "Receptacle"; Value = ""; VariantName = "[No Variations]"
Add component (AddParameter): Name = "Receptacle Type"; Value = ""; VariantName = "[No Variations]"
Add component (AddParameter): Name = "Reeling"; Value = ""; VariantName = "[No Variations]"
Add component (AddParameter): Name = "RF Series"; Value = ""; VariantName = "[No Variations]"
Add component (AddParameter): Name = "RoHS"; Value = ""; VariantName = "[No Variations]"
Add component (AddParameter): Name = "RoHS - Mouser"; Value = ""; VariantName = "[No Variations]"
Add component (AddParameter): Name = "Row Spacing"; Value = ""; VariantName = "[No Variations]"
Add component (AddParameter): Name = "Row Spacing - Mating"; Value = ""; VariantName = "[No Variations]"
Add component (AddParameter): Name = "Screw Material - Plating"; Value = ""; VariantName = "[No Variations]"
Add component (AddParameter): Name = "Screw Thread"; Value = ""; VariantName = "[No Variations]"
Add component (AddParameter): Name = "Series"; Value = ""; VariantName = "[No Variations]"
Add component (AddParameter): Name = "Shell/Shielding Material"; Value = ""; VariantName = "[No Variations]"
Add component (AddParameter): Name = "Shell Style"; Value = ""; VariantName = "[No Variations]"
Add component (AddParameter): Name = "Shielding"; Value = ""; VariantName = "[No Variations]"
Add component (AddParameter): Name = "Shield Material"; Value = ""; VariantName = "[No Variations]"
Add component (AddParameter): Name = "Shield Termination"; Value = ""; VariantName = "[No Variations]"
Add component (AddParameter): Name = "Shrouding"; Value = ""; VariantName = "[No Variations]"
Add component (AddParameter): Name = "Specifications"; Value = ""; VariantName = "[No Variations]"
Add component (AddParameter): Name = "Stackable"; Value = ""; VariantName = "[No Variations]"
Add component (AddParameter): Name = "Stock 1"; Value = ""; VariantName = "[No Variations]"
Add component (AddParameter): Name = "Stock 2"; Value = ""; VariantName = "[No Variations]"
Add component (AddParameter): Name = "Style"; Value = ""; VariantName = "[No Variations]"
Add component (AddParameter): Name = "Style/Orientation"; Value = ""; VariantName = "[No Variations]"
Add component (AddParameter): Name = "Supplier Link 2"; Value = ""; VariantName = "[No Variations]"
Add component (AddParameter): Name = "Supplier Stock 1"; Value = ""; VariantName = "[No Variations]"
Add component (AddParameter): Name = "Supplier Unit Price 1"; Value = ""; VariantName = "[No Variations]"
Add component (AddParameter): Name = "Tab Direction"; Value = ""; VariantName = "[No Variations]"
Add component (AddParameter): Name = "Terminal Block Type"; Value = ""; VariantName = "[No Variations]"
Add component (AddParameter): Name = "Terminal Screw Finish"; Value = ""; VariantName = "[No Variations]"
Add component (AddParameter): Name = "Terminal Screw Material"; Value = ""; VariantName = "[No Variations]"
Add component (AddParameter): Name = "Termination"; Value = ""; VariantName = "[No Variations]"
Add component (AddParameter): Name = "Termination Post Length"; Value = ""; VariantName = "[No Variations]"
Add component (AddParameter): Name = "Termination Style"; Value = ""; VariantName = "[No Variations]"
Add component (AddParameter): Name = "Thread Size"; Value = ""; VariantName = "[No Variations]"
Add component (AddParameter): Name = "Top Termination"; Value = ""; VariantName = "[No Variations]"
Add component (AddParameter): Name = "Torque - Screw"; Value = ""; VariantName = "[No Variations]"
Add component (AddParameter): Name = "Tradename"; Value = ""; VariantName = "[No Variations]"
Add component (AddParameter): Name = "Type"; Value = ""; VariantName = "[No Variations]"
Add component (AddParameter): Name = "USB Connector Type"; Value = ""; VariantName = "[No Variations]"
Add component (AddParameter): Name = "USB Standard"; Value = ""; VariantName = "[No Variations]"
Add component (AddParameter): Name = "Value"; Value = ""; VariantName = "[No Variations]"
Add component (AddParameter): Name = "Vencor"; Value = ""; VariantName = "[No Variations]"
Add component (AddParameter): Name = "Vendor"; Value = ""; VariantName = "[No Variations]"
Add component (AddParameter): Name = "Voltage Rating (AC)"; Value = ""; VariantName = "[No Variations]"
Add component (AddParameter): Name = "Voltage Rating (DC)"; Value = ""; VariantName = "[No Variations]"
Add component (AddParameter): Name = "Width"; Value = ""; VariantName = "[No Variations]"
Add component (AddParameter): Name = "Wire/Cable Type"; Value = ""; VariantName = "[No Variations]"
Add component (AddParameter): Name = "Wire Gauge"; Value = ""; VariantName = "[No Variations]"
Add component (AddParameter): Name = "Wire Gauge or Range - AWG"; Value = ""; VariantName = "[No Variations]"
Add component (AddParameter): Name = "Wire Gauge or Range - mm²"; Value = ""; VariantName = "[No Variations]"
Add component (AddParameter): Name = "Wire Gauge Range"; Value = ""; VariantName = "[No Variations]"
Add component (AddParameter): Name = "Wire Termination"; Value = ""; VariantName = "[No Variations]"
Add component (AddParameter): Name = "Working Vltage"; Value = ""; VariantName = "[No Variations]"
Added Component: Designator=TP6(Pogo-Testpoint)
Add component. Clean all parameters for all variants
Add component (AddParameter): Name = "Barrier Type"; Value = ""; VariantName = "[No Variations]"
Add component (AddParameter): Name = "Body Finish"; Value = ""; VariantName = "[No Variations]"
Add component (AddParameter): Name = "Body Material"; Value = ""; VariantName = "[No Variations]"
Add component (AddParameter): Name = "Body Plating"; Value = ""; VariantName = "[No Variations]"
Add component (AddParameter): Name = "Bottom Termination"; Value = ""; VariantName = "[No Variations]"
Add component (AddParameter): Name = "Brand"; Value = ""; VariantName = "[No Variations]"
Add component (AddParameter): Name = "Cable End Type"; Value = ""; VariantName = "[No Variations]"
Add component (AddParameter): Name = "Cable Group"; Value = ""; VariantName = "[No Variations]"
Add component (AddParameter): Name = "Card Thickness"; Value = ""; VariantName = "[No Variations]"
Add component (AddParameter): Name = "Card Type"; Value = ""; VariantName = "[No Variations]"
Add component (AddParameter): Name = "Center Contact Material"; Value = ""; VariantName = "[No Variations]"
Add component (AddParameter): Name = "Center Contact Plating"; Value = ""; VariantName = "[No Variations]"
Add component (AddParameter): Name = "Clamp Material - Plating"; Value = ""; VariantName = "[No Variations]"
Add component (AddParameter): Name = "ClassName"; Value = ""; VariantName = "[No Variations]"
Add component (AddParameter): Name = "Coding"; Value = ""; VariantName = "[No Variations]"
Add component (AddParameter): Name = "Color"; Value = ""; VariantName = "[No Variations]"
Add component (AddParameter): Name = "Component Name"; Value = "TestPoint"; VariantName = "[No Variations]"
Add component (AddParameter): Name = "Connector/Contact Type"; Value = ""; VariantName = "[No Variations]"
Add component (AddParameter): Name = "Connector Mounting"; Value = ""; VariantName = "[No Variations]"
Add component (AddParameter): Name = "Connector Style"; Value = ""; VariantName = "[No Variations]"
Add component (AddParameter): Name = "Connector Type"; Value = ""; VariantName = "[No Variations]"
Add component (AddParameter): Name = "Contact Finish"; Value = ""; VariantName = "[No Variations]"
Add component (AddParameter): Name = "Contact Finish - Mating"; Value = ""; VariantName = "[No Variations]"
Add component (AddParameter): Name = "Contact Finish - Post"; Value = ""; VariantName = "[No Variations]"
Add component (AddParameter): Name = "Contact Finish Thickness"; Value = ""; VariantName = "[No Variations]"
Add component (AddParameter): Name = "Contact Finish Thickness - Mating"; Value = ""; VariantName = "[No Variations]"
Add component (AddParameter): Name = "Contact Finish Thickness - Post"; Value = ""; VariantName = "[No Variations]"
Add component (AddParameter): Name = "Contact Gender"; Value = ""; VariantName = "[No Variations]"
Add component (AddParameter): Name = "Contact Length - Mating"; Value = ""; VariantName = "[No Variations]"
Add component (AddParameter): Name = "Contact Length - Post"; Value = ""; VariantName = "[No Variations]"
Add component (AddParameter): Name = "Contact Location"; Value = ""; VariantName = "[No Variations]"
Add component (AddParameter): Name = "Contact Material"; Value = ""; VariantName = "[No Variations]"
Add component (AddParameter): Name = "Contact Material - Plating"; Value = ""; VariantName = "[No Variations]"
Add component (AddParameter): Name = "Contact Mating Finish"; Value = ""; VariantName = "[No Variations]"
Add component (AddParameter): Name = "Contact Mating Length"; Value = ""; VariantName = "[No Variations]"
Add component (AddParameter): Name = "Contact Plating"; Value = ""; VariantName = "[No Variations]"
Add component (AddParameter): Name = "Contact Resistance"; Value = ""; VariantName = "[No Variations]"
Add component (AddParameter): Name = "Contact Shape"; Value = ""; VariantName = "[No Variations]"
Add component (AddParameter): Name = "Contact Termination"; Value = ""; VariantName = "[No Variations]"
Add component (AddParameter): Name = "Contact Type"; Value = ""; VariantName = "[No Variations]"
Add component (AddParameter): Name = "Coupling Mechanism"; Value = ""; VariantName = "[No Variations]"
Add component (AddParameter): Name = "Creator"; Value = ""; VariantName = "[No Variations]"
Add component (AddParameter): Name = "Current"; Value = ""; VariantName = "[No Variations]"
Add component (AddParameter): Name = "Current - IEC"; Value = ""; VariantName = "[No Variations]"
Add component (AddParameter): Name = "Current - UL"; Value = ""; VariantName = "[No Variations]"
Add component (AddParameter): Name = "Current Rating"; Value = ""; VariantName = "[No Variations]"
Add component (AddParameter): Name = "Depth"; Value = ""; VariantName = "[No Variations]"
Add component (AddParameter): Name = "Dielectric Material"; Value = ""; VariantName = "[No Variations]"
Add component (AddParameter): Name = "Direction"; Value = ""; VariantName = "[No Variations]"
Add component (AddParameter): Name = "Family"; Value = ""; VariantName = "[No Variations]"
Add component (AddParameter): Name = "Fastening Type"; Value = ""; VariantName = "[No Variations]"
Add component (AddParameter): Name = "Features"; Value = ""; VariantName = "[No Variations]"
Add component (AddParameter): Name = "Flammability Rating"; Value = ""; VariantName = "[No Variations]"
Add component (AddParameter): Name = "Flange Feature"; Value = ""; VariantName = "[No Variations]"
Add component (AddParameter): Name = "Frequency - Max"; Value = ""; VariantName = "[No Variations]"
Add component (AddParameter): Name = "Gender"; Value = ""; VariantName = "[No Variations]"
Add component (AddParameter): Name = "Header Orientation"; Value = ""; VariantName = "[No Variations]"
Add component (AddParameter): Name = "Head Type"; Value = ""; VariantName = "[No Variations]"
Add component (AddParameter): Name = "Height"; Value = ""; VariantName = "[No Variations]"
Add component (AddParameter): Name = "Height Above Board"; Value = ""; VariantName = "[No Variations]"
Add component (AddParameter): Name = "Housing Color"; Value = ""; VariantName = "[No Variations]"
Add component (AddParameter): Name = "Housing Gender"; Value = ""; VariantName = "[No Variations]"
Add component (AddParameter): Name = "Housing Material"; Value = ""; VariantName = "[No Variations]"
Add component (AddParameter): Name = "Impedance"; Value = ""; VariantName = "[No Variations]"
Add component (AddParameter): Name = "Ingress Protection"; Value = ""; VariantName = "[No Variations]"
Add component (AddParameter): Name = "Insert / Contact Gender"; Value = ""; VariantName = "[No Variations]"
Add component (AddParameter): Name = "Insertion, Removal Method"; Value = ""; VariantName = "[No Variations]"
Add component (AddParameter): Name = "Insertion Loss"; Value = ""; VariantName = "[No Variations]"
Add component (AddParameter): Name = "Insulation Color"; Value = ""; VariantName = "[No Variations]"
Add component (AddParameter): Name = "Insulation Height"; Value = ""; VariantName = "[No Variations]"
Add component (AddParameter): Name = "Insulation Material"; Value = ""; VariantName = "[No Variations]"
Add component (AddParameter): Name = "Insulation Resistance"; Value = ""; VariantName = "[No Variations]"
Add component (AddParameter): Name = "Internal Switch(s)"; Value = ""; VariantName = "[No Variations]"
Add component (AddParameter): Name = "Lead Pitch"; Value = ""; VariantName = "[No Variations]"
Add component (AddParameter): Name = "Length"; Value = ""; VariantName = "[No Variations]"
Add component (AddParameter): Name = "Locking Feature"; Value = ""; VariantName = "[No Variations]"
Add component (AddParameter): Name = "Mated Stacking Heights"; Value = ""; VariantName = "[No Variations]"
Add component (AddParameter): Name = "Material"; Value = ""; VariantName = "[No Variations]"
Add component (AddParameter): Name = "Material - Insulation"; Value = ""; VariantName = "[No Variations]"
Add component (AddParameter): Name = "Material Flammability Rating"; Value = ""; VariantName = "[No Variations]"
Add component (AddParameter): Name = "MatesWith"; Value = ""; VariantName = "[No Variations]"
Add component (AddParameter): Name = "Mating Cycles"; Value = ""; VariantName = "[No Variations]"
Add component (AddParameter): Name = "Mating Orientation"; Value = ""; VariantName = "[No Variations]"
Add component (AddParameter): Name = "Mating Post Length"; Value = ""; VariantName = "[No Variations]"
Add component (AddParameter): Name = "Max Current Rating"; Value = ""; VariantName = "[No Variations]"
Add component (AddParameter): Name = "Maximum Frequency"; Value = ""; VariantName = "[No Variations]"
Add component (AddParameter): Name = "Max Operating Temperature"; Value = ""; VariantName = "[No Variations]"
Add component (AddParameter): Name = "Max Voltage Rating (AC)"; Value = ""; VariantName = "[No Variations]"
Add component (AddParameter): Name = "Max Voltage Rating (DC)"; Value = ""; VariantName = "[No Variations]"
Add component (AddParameter): Name = "Min Operating Temperature"; Value = ""; VariantName = "[No Variations]"
Add component (AddParameter): Name = "Mount"; Value = ""; VariantName = "[No Variations]"
Add component (AddParameter): Name = "Mounting Angle"; Value = ""; VariantName = "[No Variations]"
Add component (AddParameter): Name = "Mounting Feature"; Value = ""; VariantName = "[No Variations]"
Add component (AddParameter): Name = "Mounting Style"; Value = ""; VariantName = "[No Variations]"
Add component (AddParameter): Name = "Mounting Type"; Value = ""; VariantName = "[No Variations]"
Add component (AddParameter): Name = "No. of Positions"; Value = ""; VariantName = "[No Variations]"
Add component (AddParameter): Name = "No of Positions"; Value = ""; VariantName = "[No Variations]"
Add component (AddParameter): Name = "Note"; Value = ""; VariantName = "[No Variations]"
Add component (AddParameter): Name = "Number of Circuits"; Value = ""; VariantName = "[No Variations]"
Add component (AddParameter): Name = "Number of Contacts"; Value = ""; VariantName = "[No Variations]"
Add component (AddParameter): Name = "Number of Cores per Jack"; Value = ""; VariantName = "[No Variations]"
Add component (AddParameter): Name = "Number of Levels"; Value = ""; VariantName = "[No Variations]"
Add component (AddParameter): Name = "Number of Pins"; Value = ""; VariantName = "[No Variations]"
Add component (AddParameter): Name = "Number of Poles"; Value = ""; VariantName = "[No Variations]"
Add component (AddParameter): Name = "Number of Ports"; Value = ""; VariantName = "[No Variations]"
Add component (AddParameter): Name = "Number of Positions"; Value = ""; VariantName = "[No Variations]"
Add component (AddParameter): Name = "Number of Positions/Bay/Row"; Value = ""; VariantName = "[No Variations]"
Add component (AddParameter): Name = "Number of Positions/Contacts"; Value = ""; VariantName = "[No Variations]"
Add component (AddParameter): Name = "Number of Positions Loaded"; Value = ""; VariantName = "[No Variations]"
Add component (AddParameter): Name = "Number of Positions or Pins (Grid)"; Value = ""; VariantName = "[No Variations]"
Add component (AddParameter): Name = "Number of Rows"; Value = ""; VariantName = "[No Variations]"
Add component (AddParameter): Name = "Number of Terminals"; Value = ""; VariantName = "[No Variations]"
Add component (AddParameter): Name = "Number of Wire Entries"; Value = ""; VariantName = "[No Variations]"
Add component (AddParameter): Name = "NumOfPackaging"; Value = ""; VariantName = "[No Variations]"
Add component (AddParameter): Name = "Operating Temperature"; Value = ""; VariantName = "[No Variations]"
Add component (AddParameter): Name = "Operating Temperature Range"; Value = ""; VariantName = "[No Variations]"
Add component (AddParameter): Name = "Orientation"; Value = ""; VariantName = "[No Variations]"
Add component (AddParameter): Name = "Other Names"; Value = ""; VariantName = "[No Variations]"
Add component (AddParameter): Name = "Overall Contact Length"; Value = ""; VariantName = "[No Variations]"
Add component (AddParameter): Name = "Package Quantity"; Value = ""; VariantName = "[No Variations]"
Add component (AddParameter): Name = "Packaging"; Value = ""; VariantName = "[No Variations]"
Add component (AddParameter): Name = "Panel Thickness"; Value = ""; VariantName = "[No Variations]"
Add component (AddParameter): Name = "Part Number"; Value = ""; VariantName = "[No Variations]"
Add component (AddParameter): Name = "Part Status"; Value = ""; VariantName = "[No Variations]"
Add component (AddParameter): Name = "PerformanceCategory"; Value = ""; VariantName = "[No Variations]"
Add component (AddParameter): Name = "Pin Count"; Value = "1"; VariantName = "[No Variations]"
Add component (AddParameter): Name = "Pitch"; Value = ""; VariantName = "[No Variations]"
Add component (AddParameter): Name = "Pitch - Mating"; Value = ""; VariantName = "[No Variations]"
Add component (AddParameter): Name = "Plating"; Value = ""; VariantName = "[No Variations]"
Add component (AddParameter): Name = "Plating - Thickness"; Value = ""; VariantName = "[No Variations]"
Add component (AddParameter): Name = "Plug/Mating Plug Diameter"; Value = ""; VariantName = "[No Variations]"
Add component (AddParameter): Name = "Plug Wire Entry"; Value = ""; VariantName = "[No Variations]"
Add component (AddParameter): Name = "PN"; Value = ""; VariantName = "[No Variations]"
Add component (AddParameter): Name = "Pogo Pin"; Value = ""; VariantName = "[No Variations]"
Add component (AddParameter): Name = "Pogo Pin Type"; Value = ""; VariantName = "[No Variations]"
Add component (AddParameter): Name = "Positions"; Value = ""; VariantName = "[No Variations]"
Add component (AddParameter): Name = "Positions Per Level"; Value = ""; VariantName = "[No Variations]"
Add component (AddParameter): Name = "Pricing 1"; Value = ""; VariantName = "[No Variations]"
Add component (AddParameter): Name = "Pricing 2"; Value = ""; VariantName = "[No Variations]"
Add component (AddParameter): Name = "Product"; Value = ""; VariantName = "[No Variations]"
Add component (AddParameter): Name = "Product Category"; Value = ""; VariantName = "[No Variations]"
Add component (AddParameter): Name = "Product Range"; Value = ""; VariantName = "[No Variations]"
Add component (AddParameter): Name = "Product Type"; Value = ""; VariantName = "[No Variations]"
Add component (AddParameter): Name = "Published"; Value = ""; VariantName = "[No Variations]"
Add component (AddParameter): Name = "Publisher"; Value = ""; VariantName = "[No Variations]"
Add component (AddParameter): Name = "Radiation Hardening"; Value = ""; VariantName = "[No Variations]"
Add component (AddParameter): Name = "Ratings"; Value = ""; VariantName = "[No Variations]"
Add component (AddParameter): Name = "REACH SVHC"; Value = ""; VariantName = "[No Variations]"
Add component (AddParameter): Name = "Read Out"; Value = ""; VariantName = "[No Variations]"
Add component (AddParameter): Name = "Receptacle"; Value = ""; VariantName = "[No Variations]"
Add component (AddParameter): Name = "Receptacle Type"; Value = ""; VariantName = "[No Variations]"
Add component (AddParameter): Name = "Reeling"; Value = ""; VariantName = "[No Variations]"
Add component (AddParameter): Name = "RF Series"; Value = ""; VariantName = "[No Variations]"
Add component (AddParameter): Name = "RoHS"; Value = ""; VariantName = "[No Variations]"
Add component (AddParameter): Name = "RoHS - Mouser"; Value = ""; VariantName = "[No Variations]"
Add component (AddParameter): Name = "Row Spacing"; Value = ""; VariantName = "[No Variations]"
Add component (AddParameter): Name = "Row Spacing - Mating"; Value = ""; VariantName = "[No Variations]"
Add component (AddParameter): Name = "Screw Material - Plating"; Value = ""; VariantName = "[No Variations]"
Add component (AddParameter): Name = "Screw Thread"; Value = ""; VariantName = "[No Variations]"
Add component (AddParameter): Name = "Series"; Value = ""; VariantName = "[No Variations]"
Add component (AddParameter): Name = "Shell/Shielding Material"; Value = ""; VariantName = "[No Variations]"
Add component (AddParameter): Name = "Shell Style"; Value = ""; VariantName = "[No Variations]"
Add component (AddParameter): Name = "Shielding"; Value = ""; VariantName = "[No Variations]"
Add component (AddParameter): Name = "Shield Material"; Value = ""; VariantName = "[No Variations]"
Add component (AddParameter): Name = "Shield Termination"; Value = ""; VariantName = "[No Variations]"
Add component (AddParameter): Name = "Shrouding"; Value = ""; VariantName = "[No Variations]"
Add component (AddParameter): Name = "Specifications"; Value = ""; VariantName = "[No Variations]"
Add component (AddParameter): Name = "Stackable"; Value = ""; VariantName = "[No Variations]"
Add component (AddParameter): Name = "Stock 1"; Value = ""; VariantName = "[No Variations]"
Add component (AddParameter): Name = "Stock 2"; Value = ""; VariantName = "[No Variations]"
Add component (AddParameter): Name = "Style"; Value = ""; VariantName = "[No Variations]"
Add component (AddParameter): Name = "Style/Orientation"; Value = ""; VariantName = "[No Variations]"
Add component (AddParameter): Name = "Supplier Link 2"; Value = ""; VariantName = "[No Variations]"
Add component (AddParameter): Name = "Supplier Stock 1"; Value = ""; VariantName = "[No Variations]"
Add component (AddParameter): Name = "Supplier Unit Price 1"; Value = ""; VariantName = "[No Variations]"
Add component (AddParameter): Name = "Tab Direction"; Value = ""; VariantName = "[No Variations]"
Add component (AddParameter): Name = "Terminal Block Type"; Value = ""; VariantName = "[No Variations]"
Add component (AddParameter): Name = "Terminal Screw Finish"; Value = ""; VariantName = "[No Variations]"
Add component (AddParameter): Name = "Terminal Screw Material"; Value = ""; VariantName = "[No Variations]"
Add component (AddParameter): Name = "Termination"; Value = ""; VariantName = "[No Variations]"
Add component (AddParameter): Name = "Termination Post Length"; Value = ""; VariantName = "[No Variations]"
Add component (AddParameter): Name = "Termination Style"; Value = ""; VariantName = "[No Variations]"
Add component (AddParameter): Name = "Thread Size"; Value = ""; VariantName = "[No Variations]"
Add component (AddParameter): Name = "Top Termination"; Value = ""; VariantName = "[No Variations]"
Add component (AddParameter): Name = "Torque - Screw"; Value = ""; VariantName = "[No Variations]"
Add component (AddParameter): Name = "Tradename"; Value = ""; VariantName = "[No Variations]"
Add component (AddParameter): Name = "Type"; Value = ""; VariantName = "[No Variations]"
Add component (AddParameter): Name = "USB Connector Type"; Value = ""; VariantName = "[No Variations]"
Add component (AddParameter): Name = "USB Standard"; Value = ""; VariantName = "[No Variations]"
Add component (AddParameter): Name = "Value"; Value = ""; VariantName = "[No Variations]"
Add component (AddParameter): Name = "Vencor"; Value = ""; VariantName = "[No Variations]"
Add component (AddParameter): Name = "Vendor"; Value = ""; VariantName = "[No Variations]"
Add component (AddParameter): Name = "Voltage Rating (AC)"; Value = ""; VariantName = "[No Variations]"
Add component (AddParameter): Name = "Voltage Rating (DC)"; Value = ""; VariantName = "[No Variations]"
Add component (AddParameter): Name = "Width"; Value = ""; VariantName = "[No Variations]"
Add component (AddParameter): Name = "Wire/Cable Type"; Value = ""; VariantName = "[No Variations]"
Add component (AddParameter): Name = "Wire Gauge"; Value = ""; VariantName = "[No Variations]"
Add component (AddParameter): Name = "Wire Gauge or Range - AWG"; Value = ""; VariantName = "[No Variations]"
Add component (AddParameter): Name = "Wire Gauge or Range - mm²"; Value = ""; VariantName = "[No Variations]"
Add component (AddParameter): Name = "Wire Gauge Range"; Value = ""; VariantName = "[No Variations]"
Add component (AddParameter): Name = "Wire Termination"; Value = ""; VariantName = "[No Variations]"
Add component (AddParameter): Name = "Working Vltage"; Value = ""; VariantName = "[No Variations]"
Added Pin To Net: NetName=GND Pin=TP5-1
Added Pin To Net: NetName=GND Pin=TP6-1
